<?xml version="1.0" encoding="UTF-8"?>
<testng-results ignored="0" total="1" passed="1" failed="0" skipped="0">
  <reporter-output>
  </reporter-output>
  <suite started-at="2020-02-21T23:21:11 EST" name="Default suite" finished-at="2020-02-21T23:21:23 EST" duration-ms="11642">
    <groups>
    </groups>
    <test started-at="2020-02-21T23:21:11 EST" name="Default test" finished-at="2020-02-21T23:21:23 EST" duration-ms="11642">
      <class name="com.test.GoogleTitleTest">
        <test-method is-config="true" signature="setUp()[pri:0, instance:com.test.GoogleTitleTest@15761df8]" started-at="2020-02-21T23:21:11 EST" name="setUp" finished-at="2020-02-21T23:21:23 EST" duration-ms="11564" status="PASS">
          <reporter-output>
          </reporter-output>
        </test-method> <!-- setUp -->
        <test-method signature="googleTitleTest()[pri:0, instance:com.test.GoogleTitleTest@15761df8]" started-at="2020-02-21T23:21:23 EST" name="googleTitleTest" finished-at="2020-02-21T23:21:23 EST" duration-ms="26" status="PASS">
          <reporter-output>
          </reporter-output>
        </test-method> <!-- googleTitleTest -->
      </class> <!-- com.test.GoogleTitleTest -->
    </test> <!-- Default test -->
  </suite> <!-- Default suite -->
</testng-results>
